-------------------------------------------------------------------------------
Test set: cucumberOptions.BankTestRunner
-------------------------------------------------------------------------------
Tests run: 1, Failures: 1, Errors: 0, Skipped: 0, Time elapsed: 50.057 s <<< FAILURE! - in cucumberOptions.BankTestRunner
Register to system and login(Register and Login)  Time elapsed: 48.693 s  <<< FAILURE!
java.lang.AssertionError

