<?xml version="1.0" encoding="UTF-8"?>
<testsuite xmlns:xsi="http://www.w3.org/2001/XMLSchema-instance" xsi:noNamespaceSchemaLocation="https://maven.apache.org/surefire/maven-surefire-plugin/xsd/surefire-test-report.xsd" name="cucumberOptions.BankTestRunner" time="50.057" tests="1" errors="0" skipped="0" failures="1">
  <properties>
[...]
</properties>
  <testcase name="Register to system and login" classname="Register and Login" time="48.693">
    <failure type="java.lang.AssertionError">java.lang.AssertionError
</failure>
    <system-out><![CDATA[
@register_login
Scenario: Register to system and login &amp#27;[90m# src/test/java/bank/features/registerAndLogin.feature:4&amp#27;[0m
Browser name run by command line = firefox
  &amp#27;[32mGiven &amp#27;[0m&amp#27;[32mGet login page url&amp#27;[0m             &amp#27;[90m# bank.stepDefinitions.LoginPageSteps.getLoginPageUrl()&amp#27;[0m
  &amp#27;[32mWhen &amp#27;[0m&amp#27;[32mOpen Register page&amp#27;[0m              &amp#27;[90m# bank.stepDefinitions.LoginPageSteps.openRegisterPage()&amp#27;[0m
Browser name run by command line = firefox
  &amp#27;[32mAnd &amp#27;[0m&amp#27;[32mInput to email textbox&amp#27;[0m           &amp#27;[90m# bank.stepDefinitions.RegisterPageSteps.inputToEmailTextbox()&amp#27;[0m
  &amp#27;[32mAnd &amp#27;[0m&amp#27;[32mClick to Submit&amp#27;[0m                  &amp#27;[90m# bank.stepDefinitions.RegisterPageSteps.clickToSubmit()&amp#27;[0m
  &amp#27;[32mAnd &amp#27;[0m&amp#27;[32mGet User and password infor&amp#27;[0m      &amp#27;[90m# bank.stepDefinitions.RegisterPageSteps.getUserAndPasswordInfor()&amp#27;[0m
  &amp#27;[32mAnd &amp#27;[0m&amp#27;[32mBack to Login page&amp#27;[0m               &amp#27;[90m# bank.stepDefinitions.RegisterPageSteps.backToLoginPage()&amp#27;[0m
  &amp#27;[32mAnd &amp#27;[0m&amp#27;[32mSubmit valid infor to login form&amp#27;[0m &amp#27;[90m# bank.stepDefinitions.LoginPageSteps.submitValidInforToLoginForm()&amp#27;[0m
Browser name run by command line = firefox
  &amp#27;[31mThen &amp#27;[0m&amp#27;[31mHome page displayed&amp#27;[0m             &amp#27;[90m# bank.stepDefinitions.HomePageSteps.homePageDisplayed()&amp#27;[0m
      &amp#27;[31mjava.lang.AssertionError
	at org.junit.Assert.fail(Assert.java:86)
	at org.junit.Assert.assertTrue(Assert.java:41)
	at org.junit.Assert.assertFalse(Assert.java:64)
	at org.junit.Assert.assertFalse(Assert.java:74)
	at bank.stepDefinitions.HomePageSteps.homePageDisplayed(HomePageSteps.java:22)
	at âœ½.Home page displayed(file:///D:/hth/hth/SeleniumOnl/06%20-%20Cucumber%20BDD/maven-cucumber-bdd/src/test/java/bank/features/registerAndLogin.feature:12)
&amp#27;[0m
]]></system-out>
    <system-err><![CDATA[SLF4J: Failed to load class "org.slf4j.impl.StaticLoggerBinder".
SLF4J: Defaulting to no-operation (NOP) logger implementation
SLF4J: See http://www.slf4j.org/codes.html#StaticLoggerBinder for further details.
Mar 08, 2022 11:54:04 PM org.openqa.selenium.remote.ProtocolHandshake createSession
INFO: Detected dialect: W3C
log4j:WARN No appenders could be found for logger (cucumberOptions.Hooks).
log4j:WARN Please initialize the log4j system properly.
log4j:WARN See http://logging.apache.org/log4j/1.2/faq.html#noconfig for more info.
]]></system-err>
  </testcase>
</testsuite>